Using pre-set license
Built from 'HEAD' branch; Version is '2021.3.15f1c1 (080beb55ecda) revision 527339'; Using compiler version '192829333'; Build Type 'Release'
OS: 'Windows 10  (10.0.19045) 64bit ProfessionalWorkstation' Language: 'zh' Physical Memory: 65446 MB
BatchMode: 1, IsHumanControllingUs: 0, StartBugReporterOnCrash: 0, Is64bit: 1, IsPro: 1

COMMAND LINE ARGUMENTS:
C:\Program Files\Unity\Hub\Editor\2021.3.15f1c1\Editor\Unity.exe
-adb2
-batchMode
-noUpm
-name
AssetImportWorker1
-projectPath
C:/Users/Administrator/Documents/ZombieWorld-FPS
-logFile
Logs/AssetImportWorker1.log
-srvPort
64921
Successfully changed project path to: C:/Users/Administrator/Documents/ZombieWorld-FPS
C:/Users/Administrator/Documents/ZombieWorld-FPS
[UnityMemory] Configuration Parameters - Can be set up in boot.config
    "memorysetup-bucket-allocator-granularity=16"
    "memorysetup-bucket-allocator-bucket-count=8"
    "memorysetup-bucket-allocator-block-size=33554432"
    "memorysetup-bucket-allocator-block-count=8"
    "memorysetup-main-allocator-block-size=16777216"
    "memorysetup-thread-allocator-block-size=16777216"
    "memorysetup-gfx-main-allocator-block-size=16777216"
    "memorysetup-gfx-thread-allocator-block-size=16777216"
    "memorysetup-cache-allocator-block-size=4194304"
    "memorysetup-typetree-allocator-block-size=2097152"
    "memorysetup-profiler-bucket-allocator-granularity=16"
    "memorysetup-profiler-bucket-allocator-bucket-count=8"
    "memorysetup-profiler-bucket-allocator-block-size=33554432"
    "memorysetup-profiler-bucket-allocator-block-count=8"
    "memorysetup-profiler-allocator-block-size=16777216"
    "memorysetup-profiler-editor-allocator-block-size=1048576"
    "memorysetup-temp-allocator-size-main=16777216"
    "memorysetup-job-temp-allocator-block-size=2097152"
    "memorysetup-job-temp-allocator-block-size-background=1048576"
    "memorysetup-job-temp-allocator-reduction-small-platforms=262144"
    "memorysetup-temp-allocator-size-background-worker=32768"
    "memorysetup-temp-allocator-size-job-worker=262144"
    "memorysetup-temp-allocator-size-preload-manager=33554432"
    "memorysetup-temp-allocator-size-nav-mesh-worker=65536"
    "memorysetup-temp-allocator-size-audio-worker=65536"
    "memorysetup-temp-allocator-size-cloud-worker=32768"
    "memorysetup-temp-allocator-size-gi-baking-worker=262144"
    "memorysetup-temp-allocator-size-gfx=262144"
Player connection [24788] Host "[IP] 192.168.1.2 [Port] 0 [Flags] 2 [Guid] 1717755696 [EditorId] 1717755696 [Version] 1048832 [Id] WindowsEditor(7,WIN-7NBKR52S0HA) [Debug] 1 [PackageName] WindowsEditor [ProjectName] Editor" joined multi-casting on [225.0.0.222:54997]...

Player connection [24788] Host "[IP] 192.168.1.2 [Port] 0 [Flags] 2 [Guid] 1717755696 [EditorId] 1717755696 [Version] 1048832 [Id] WindowsEditor(7,WIN-7NBKR52S0HA) [Debug] 1 [PackageName] WindowsEditor [ProjectName] Editor" joined alternative multi-casting on [225.0.0.222:34997]...

AS: AutoStreaming module initializing.
Refreshing native plugins compatible for Editor in 116.18 ms, found 3 plugins.
Preloading 0 native plugins for Editor in 0.00 ms.
Initialize engine version: 2021.3.15f1c1 (080beb55ecda)
[Subsystems] Discovering subsystems at path C:/Program Files/Unity/Hub/Editor/2021.3.15f1c1/Editor/Data/Resources/UnitySubsystems
[Subsystems] Discovering subsystems at path C:/Users/Administrator/Documents/ZombieWorld-FPS/Assets
GfxDevice: creating device client; threaded=0; jobified=0
Direct3D:
    Version:  Direct3D 11.0 [level 11.1]
    Renderer: NVIDIA GeForce RTX 2070 SUPER (ID=0x1e84)
    Vendor:   NVIDIA
    VRAM:     8003 MB
    Driver:   31.0.15.3713
Initialize mono
Mono path[0] = 'C:/Program Files/Unity/Hub/Editor/2021.3.15f1c1/Editor/Data/Managed'
Mono path[1] = 'C:/Program Files/Unity/Hub/Editor/2021.3.15f1c1/Editor/Data/MonoBleedingEdge/lib/mono/unityjit-win32'
Mono config path = 'C:/Program Files/Unity/Hub/Editor/2021.3.15f1c1/Editor/Data/MonoBleedingEdge/etc'
Using monoOptions --debugger-agent=transport=dt_socket,embedding=1,server=y,suspend=n,address=127.0.0.1:56128
Begin MonoManager ReloadAssembly
Registering precompiled unity dll's ...
Register platform support module: C:/Program Files/Unity/Hub/Editor/2021.3.15f1c1/Editor/Data/PlaybackEngines/AndroidPlayer/UnityEditor.Android.Extensions.dll
Register platform support module: C:/Program Files/Unity/Hub/Editor/2021.3.15f1c1/Editor/Data/PlaybackEngines/WindowsStandaloneSupport/UnityEditor.WindowsStandalone.Extensions.dll
Registered in 0.006833 seconds.
Native extension for WindowsStandalone target not found
Native extension for Android target not found
Refreshing native plugins compatible for Editor in 99.52 ms, found 3 plugins.
Preloading 0 native plugins for Editor in 0.00 ms.
Mono: successfully reloaded assembly
- Completed reload, in  0.739 seconds
Domain Reload Profiling:
	ReloadAssembly (740ms)
		BeginReloadAssembly (82ms)
			ExecutionOrderSort (0ms)
			DisableScriptedObjects (0ms)
			BackupInstance (0ms)
			ReleaseScriptingObjects (0ms)
			CreateAndSetChildDomain (1ms)
		EndReloadAssembly (535ms)
			LoadAssemblies (77ms)
			RebuildTransferFunctionScriptingTraits (0ms)
			SetupTypeCache (146ms)
			ReleaseScriptCaches (0ms)
			RebuildScriptCaches (27ms)
			SetupLoadedEditorAssemblies (307ms)
				LogAssemblyErrors (0ms)
				InitializePlatformSupportModulesInManaged (57ms)
				SetLoadedEditorAssemblies (0ms)
				RefreshPlugins (100ms)
				BeforeProcessingInitializeOnLoad (1ms)
				ProcessInitializeOnLoadAttributes (99ms)
				ProcessInitializeOnLoadMethodAttributes (51ms)
				AfterProcessingInitializeOnLoad (0ms)
				EditorAssembliesLoaded (0ms)
			ExecutionOrderSort2 (0ms)
			AwakeInstancesAfterBackupRestoration (0ms)
Platform modules already initialized, skipping
Registering precompiled user dll's ...
Registered in 0.009046 seconds.
Begin MonoManager ReloadAssembly
Symbol file LoadedFromMemory doesn't match image C:\Users\Administrator\Documents\ZombieWorld-FPS\Library\PackageCache\com.unity.visualscripting@1.7.8\Editor\VisualScripting.Core\Dependencies\YamlDotNet\Unity.VisualScripting.YamlDotNet.dll
Symbol file LoadedFromMemory doesn't match image C:\Users\Administrator\Documents\ZombieWorld-FPS\Library\PackageCache\com.unity.visualscripting@1.7.8\Editor\VisualScripting.Core\Dependencies\DotNetZip\Unity.VisualScripting.IonicZip.dll
Native extension for WindowsStandalone target not found
Native extension for Android target not found
Refreshing native plugins compatible for Editor in 1.35 ms, found 3 plugins.
Preloading 0 native plugins for Editor in 0.00 ms.
Mono: successfully reloaded assembly
- Completed reload, in  1.397 seconds
Domain Reload Profiling:
	ReloadAssembly (1398ms)
		BeginReloadAssembly (244ms)
			ExecutionOrderSort (0ms)
			DisableScriptedObjects (5ms)
			BackupInstance (0ms)
			ReleaseScriptingObjects (0ms)
			CreateAndSetChildDomain (147ms)
		EndReloadAssembly (1035ms)
			LoadAssemblies (82ms)
			RebuildTransferFunctionScriptingTraits (0ms)
			SetupTypeCache (246ms)
			ReleaseScriptCaches (1ms)
			RebuildScriptCaches (53ms)
			SetupLoadedEditorAssemblies (603ms)
				LogAssemblyErrors (0ms)
				InitializePlatformSupportModulesInManaged (19ms)
				SetLoadedEditorAssemblies (1ms)
				RefreshPlugins (1ms)
				BeforeProcessingInitializeOnLoad (107ms)
				ProcessInitializeOnLoadAttributes (442ms)
				ProcessInitializeOnLoadMethodAttributes (23ms)
				AfterProcessingInitializeOnLoad (10ms)
				EditorAssembliesLoaded (0ms)
			ExecutionOrderSort2 (0ms)
			AwakeInstancesAfterBackupRestoration (9ms)
Platform modules already initialized, skipping
========================================================================
Worker process is ready to serve import requests
Launched and connected shader compiler UnityShaderCompiler.exe after 0.09 seconds
Refreshing native plugins compatible for Editor in 2.37 ms, found 3 plugins.
Preloading 0 native plugins for Editor in 0.00 ms.
Unloading 3523 Unused Serialized files (Serialized files now loaded: 0)
Unloading 26 unused Assets / (484.4 KB). Loaded Objects now: 3999.
Memory consumption went from 143.0 MB to 142.5 MB.
Total: 6.303400 ms (FindLiveObjects: 0.884100 ms CreateObjectMapping: 0.354200 ms MarkObjects: 4.415800 ms  DeleteObjects: 0.647400 ms)

AssetImportParameters requested are different than current active one (requested -> active):
  custom:video-decoder-ogg-theora: a1e56fd34408186e4bbccfd4996cb3dc -> 
  custom:container-muxer-webm: aa71ff27fc2769a1b78a27578f13a17b -> 
  custom:container-demuxer-webm: 4f35f7cbe854078d1ac9338744f61a02 -> 
  custom:video-encoder-webm-vp8: eb34c28f22e8b96e1ab97ce403110664 -> 
  custom:audio-encoder-webm-vorbis: bf7c407c2cedff20999df2af8eb42d56 -> 
  custom:framework-win-MediaFoundation: 216162199b28c13a410421893ffa2e32 -> 
  custom:container-demuxer-ogg: 62fdf1f143b41e24485cea50d1cbac27 -> 
  custom:video-decoder-webm-vp8: 9c59270c3fd7afecdb556c50c9e8de78 -> 
  custom:audio-decoder-ogg-vorbis: bf7c407c2cedff20999df2af8eb42d56 -> 
========================================================================
Received Import Request.
  Time since last request: 1256440.930303 seconds.
  path: Assets/Town Constructor Pack/Materials/Leaf.mat
  artifactKey: Guid(cf769c543698017419ecaa099d07ec9b) Importer(815301076,1909f56bfc062723c751e8b465ee728b)
Start importing Assets/Town Constructor Pack/Materials/Leaf.mat using Guid(cf769c543698017419ecaa099d07ec9b) Importer(815301076,1909f56bfc062723c751e8b465ee728b)  -> (artifact id: '93e6660f59464acd60c817e61abe69a9') in 0.205878 seconds 
========================================================================
Received Import Request.
  Time since last request: 0.000039 seconds.
  path: Assets/Town Constructor Pack/Materials/Misc_DS_Atlas.mat
  artifactKey: Guid(4824105ab36ef4e489725ea31ca27555) Importer(815301076,1909f56bfc062723c751e8b465ee728b)
Start importing Assets/Town Constructor Pack/Materials/Misc_DS_Atlas.mat using Guid(4824105ab36ef4e489725ea31ca27555) Importer(815301076,1909f56bfc062723c751e8b465ee728b)  -> (artifact id: '037182cb8a13439d9fa2f9629ae1a1f1') in 0.042370 seconds 
========================================================================
Received Import Request.
  Time since last request: 19.839827 seconds.
  path: Assets/Animation/Enemy/Enemy02/parasitezombie_Material.mat
  artifactKey: Guid(56084e586373cdd4287e4ebe0a3cdf22) Importer(815301076,1909f56bfc062723c751e8b465ee728b)
Start importing Assets/Animation/Enemy/Enemy02/parasitezombie_Material.mat using Guid(56084e586373cdd4287e4ebe0a3cdf22) Importer(815301076,1909f56bfc062723c751e8b465ee728b)  -> (artifact id: 'a5199e592b7387579b1442078a24ef25') in 0.051494 seconds 
========================================================================
Received Import Request.
  Time since last request: 0.056417 seconds.
  path: Assets/Animation/Enemy/Enemy02/Zombie Attack.fbx
  artifactKey: Guid(f9e5c6e07f6cfd845aa07ee56be78abe) Importer(815301076,1909f56bfc062723c751e8b465ee728b)
Start importing Assets/Animation/Enemy/Enemy02/Zombie Attack.fbx using Guid(f9e5c6e07f6cfd845aa07ee56be78abe) Importer(815301076,1909f56bfc062723c751e8b465ee728b)  -> (artifact id: '930eb64e4a376a6e3eda05afcb370ac2') in 0.287151 seconds 
========================================================================
Received Import Request.
  Time since last request: 0.000033 seconds.
  path: Assets/Animation/Enemy/Enemy02/parasitezombie_Material1.mat
  artifactKey: Guid(2b73c560b7e8ff64d84e88235bc6b51f) Importer(815301076,1909f56bfc062723c751e8b465ee728b)
Start importing Assets/Animation/Enemy/Enemy02/parasitezombie_Material1.mat using Guid(2b73c560b7e8ff64d84e88235bc6b51f) Importer(815301076,1909f56bfc062723c751e8b465ee728b)  -> (artifact id: '25c96cb3afae401461316f1741631de5') in 0.043491 seconds 
========================================================================
Received Import Request.
  Time since last request: 0.000070 seconds.
  path: Assets/Animation/Enemy/Enemy02/Walking (1).fbx
  artifactKey: Guid(6e4a5960494344546b412127189f45e6) Importer(815301076,1909f56bfc062723c751e8b465ee728b)
Start importing Assets/Animation/Enemy/Enemy02/Walking (1).fbx using Guid(6e4a5960494344546b412127189f45e6) Importer(815301076,1909f56bfc062723c751e8b465ee728b)  -> (artifact id: 'dec628a3004e1fa14afa9c3558ec3bc8') in 0.075161 seconds 
========================================================================
Received Import Request.
  Time since last request: 25.537882 seconds.
  path: Assets/MuzzleFlash/Materials/FlashCore/FlashCore_2.mat
  artifactKey: Guid(c3bb55eec38d4594194d4cd3a36abcdd) Importer(815301076,1909f56bfc062723c751e8b465ee728b)
Start importing Assets/MuzzleFlash/Materials/FlashCore/FlashCore_2.mat using Guid(c3bb55eec38d4594194d4cd3a36abcdd) Importer(815301076,1909f56bfc062723c751e8b465ee728b)  -> (artifact id: '10843341e10e2a76f998e840b6007e76') in 0.039607 seconds 
========================================================================
Received Prepare
Registering precompiled user dll's ...
Registered in 0.009345 seconds.
Begin MonoManager ReloadAssembly
Symbol file LoadedFromMemory doesn't match image C:\Users\Administrator\Documents\ZombieWorld-FPS\Library\PackageCache\com.unity.visualscripting@1.7.8\Editor\VisualScripting.Core\Dependencies\YamlDotNet\Unity.VisualScripting.YamlDotNet.dll
Symbol file LoadedFromMemory doesn't match image C:\Users\Administrator\Documents\ZombieWorld-FPS\Library\PackageCache\com.unity.visualscripting@1.7.8\Editor\VisualScripting.Core\Dependencies\DotNetZip\Unity.VisualScripting.IonicZip.dll
Native extension for WindowsStandalone target not found
Native extension for Android target not found
Refreshing native plugins compatible for Editor in 1.13 ms, found 3 plugins.
Preloading 0 native plugins for Editor in 0.00 ms.
Mono: successfully reloaded assembly
- Completed reload, in  1.304 seconds
Domain Reload Profiling:
	ReloadAssembly (1304ms)
		BeginReloadAssembly (154ms)
			ExecutionOrderSort (0ms)
			DisableScriptedObjects (4ms)
			BackupInstance (0ms)
			ReleaseScriptingObjects (0ms)
			CreateAndSetChildDomain (55ms)
		EndReloadAssembly (1033ms)
			LoadAssemblies (98ms)
			RebuildTransferFunctionScriptingTraits (0ms)
			SetupTypeCache (332ms)
			ReleaseScriptCaches (3ms)
			RebuildScriptCaches (57ms)
			SetupLoadedEditorAssemblies (483ms)
				LogAssemblyErrors (0ms)
				InitializePlatformSupportModulesInManaged (21ms)
				SetLoadedEditorAssemblies (0ms)
				RefreshPlugins (1ms)
				BeforeProcessingInitializeOnLoad (67ms)
				ProcessInitializeOnLoadAttributes (360ms)
				ProcessInitializeOnLoadMethodAttributes (23ms)
				AfterProcessingInitializeOnLoad (9ms)
				EditorAssembliesLoaded (0ms)
			ExecutionOrderSort2 (0ms)
			AwakeInstancesAfterBackupRestoration (9ms)
Platform modules already initialized, skipping
Refreshing native plugins compatible for Editor in 3.14 ms, found 3 plugins.
Preloading 0 native plugins for Editor in 0.00 ms.
Unloading 3425 Unused Serialized files (Serialized files now loaded: 0)
Unloading 19 unused Assets / (405.7 KB). Loaded Objects now: 4047.
Memory consumption went from 150.7 MB to 150.3 MB.
Total: 5.664200 ms (FindLiveObjects: 0.869900 ms CreateObjectMapping: 0.158900 ms MarkObjects: 4.154200 ms  DeleteObjects: 0.478900 ms)

AssetImportParameters requested are different than current active one (requested -> active):
  custom:video-decoder-ogg-theora: a1e56fd34408186e4bbccfd4996cb3dc -> 
  custom:container-muxer-webm: aa71ff27fc2769a1b78a27578f13a17b -> 
  custom:container-demuxer-webm: 4f35f7cbe854078d1ac9338744f61a02 -> 
  custom:video-encoder-webm-vp8: eb34c28f22e8b96e1ab97ce403110664 -> 
  custom:audio-encoder-webm-vorbis: bf7c407c2cedff20999df2af8eb42d56 -> 
  custom:framework-win-MediaFoundation: 216162199b28c13a410421893ffa2e32 -> 
  custom:container-demuxer-ogg: 62fdf1f143b41e24485cea50d1cbac27 -> 
  custom:video-decoder-webm-vp8: 9c59270c3fd7afecdb556c50c9e8de78 -> 
  custom:audio-decoder-ogg-vorbis: bf7c407c2cedff20999df2af8eb42d56 -> 
========================================================================
Received Prepare
Registering precompiled user dll's ...
Registered in 0.028770 seconds.
Begin MonoManager ReloadAssembly
Symbol file LoadedFromMemory doesn't match image C:\Users\Administrator\Documents\ZombieWorld-FPS\Library\PackageCache\com.unity.visualscripting@1.7.8\Editor\VisualScripting.Core\Dependencies\YamlDotNet\Unity.VisualScripting.YamlDotNet.dll
Symbol file LoadedFromMemory doesn't match image C:\Users\Administrator\Documents\ZombieWorld-FPS\Library\PackageCache\com.unity.visualscripting@1.7.8\Editor\VisualScripting.Core\Dependencies\DotNetZip\Unity.VisualScripting.IonicZip.dll
Native extension for WindowsStandalone target not found
Native extension for Android target not found
Refreshing native plugins compatible for Editor in 1.29 ms, found 3 plugins.
Preloading 0 native plugins for Editor in 0.00 ms.
[ScriptCompilation] NOT recompiling all scripts because this is an import worker process. Reason to compile was: Define symbols changed
Mono: successfully reloaded assembly
- Completed reload, in  1.545 seconds
Domain Reload Profiling:
	ReloadAssembly (1546ms)
		BeginReloadAssembly (277ms)
			ExecutionOrderSort (0ms)
			DisableScriptedObjects (9ms)
			BackupInstance (0ms)
			ReleaseScriptingObjects (0ms)
			CreateAndSetChildDomain (100ms)
		EndReloadAssembly (1109ms)
			LoadAssemblies (165ms)
			RebuildTransferFunctionScriptingTraits (0ms)
			SetupTypeCache (314ms)
			ReleaseScriptCaches (2ms)
			RebuildScriptCaches (49ms)
			SetupLoadedEditorAssemblies (583ms)
				LogAssemblyErrors (0ms)
				InitializePlatformSupportModulesInManaged (25ms)
				SetLoadedEditorAssemblies (0ms)
				RefreshPlugins (1ms)
				BeforeProcessingInitializeOnLoad (94ms)
				ProcessInitializeOnLoadAttributes (430ms)
				ProcessInitializeOnLoadMethodAttributes (21ms)
				AfterProcessingInitializeOnLoad (10ms)
				EditorAssembliesLoaded (0ms)
			ExecutionOrderSort2 (0ms)
			AwakeInstancesAfterBackupRestoration (9ms)
Platform modules already initialized, skipping
Refreshing native plugins compatible for Editor in 4.42 ms, found 3 plugins.
Preloading 0 native plugins for Editor in 0.00 ms.
Unloading 3558 Unused Serialized files (Serialized files now loaded: 0)
Unloading 58 unused Assets / (3.7 MB). Loaded Objects now: 4144.
Memory consumption went from 161.3 MB to 157.6 MB.
Total: 8.176400 ms (FindLiveObjects: 0.776500 ms CreateObjectMapping: 0.162500 ms MarkObjects: 5.042000 ms  DeleteObjects: 2.187600 ms)

AssetImportParameters requested are different than current active one (requested -> active):
  custom:video-decoder-ogg-theora: a1e56fd34408186e4bbccfd4996cb3dc -> 
  custom:container-muxer-webm: aa71ff27fc2769a1b78a27578f13a17b -> 
  custom:container-demuxer-webm: 4f35f7cbe854078d1ac9338744f61a02 -> 
  custom:video-encoder-webm-vp8: eb34c28f22e8b96e1ab97ce403110664 -> 
  custom:audio-encoder-webm-vorbis: bf7c407c2cedff20999df2af8eb42d56 -> 
  custom:framework-win-MediaFoundation: 216162199b28c13a410421893ffa2e32 -> 
  custom:container-demuxer-ogg: 62fdf1f143b41e24485cea50d1cbac27 -> 
  custom:video-decoder-webm-vp8: 9c59270c3fd7afecdb556c50c9e8de78 -> 
  custom:audio-decoder-ogg-vorbis: bf7c407c2cedff20999df2af8eb42d56 -> 
========================================================================
Received Prepare
Registering precompiled user dll's ...
Registered in 0.008581 seconds.
Begin MonoManager ReloadAssembly
Symbol file LoadedFromMemory doesn't match image C:\Users\Administrator\Documents\ZombieWorld-FPS\Library\PackageCache\com.unity.visualscripting@1.7.8\Editor\VisualScripting.Core\Dependencies\YamlDotNet\Unity.VisualScripting.YamlDotNet.dll
Symbol file LoadedFromMemory doesn't match image C:\Users\Administrator\Documents\ZombieWorld-FPS\Library\PackageCache\com.unity.visualscripting@1.7.8\Editor\VisualScripting.Core\Dependencies\DotNetZip\Unity.VisualScripting.IonicZip.dll
Native extension for WindowsStandalone target not found
Native extension for Android target not found
Refreshing native plugins compatible for Editor in 1.30 ms, found 3 plugins.
Preloading 0 native plugins for Editor in 0.00 ms.
Mono: successfully reloaded assembly
- Completed reload, in  1.034 seconds
Domain Reload Profiling:
	ReloadAssembly (1035ms)
		BeginReloadAssembly (129ms)
			ExecutionOrderSort (0ms)
			DisableScriptedObjects (6ms)
			BackupInstance (0ms)
			ReleaseScriptingObjects (0ms)
			CreateAndSetChildDomain (35ms)
		EndReloadAssembly (805ms)
			LoadAssemblies (84ms)
			RebuildTransferFunctionScriptingTraits (0ms)
			SetupTypeCache (218ms)
			ReleaseScriptCaches (2ms)
			RebuildScriptCaches (34ms)
			SetupLoadedEditorAssemblies (434ms)
				LogAssemblyErrors (0ms)
				InitializePlatformSupportModulesInManaged (21ms)
				SetLoadedEditorAssemblies (0ms)
				RefreshPlugins (1ms)
				BeforeProcessingInitializeOnLoad (58ms)
				ProcessInitializeOnLoadAttributes (324ms)
				ProcessInitializeOnLoadMethodAttributes (20ms)
				AfterProcessingInitializeOnLoad (9ms)
				EditorAssembliesLoaded (0ms)
			ExecutionOrderSort2 (0ms)
			AwakeInstancesAfterBackupRestoration (8ms)
Platform modules already initialized, skipping
Refreshing native plugins compatible for Editor in 3.03 ms, found 3 plugins.
Preloading 0 native plugins for Editor in 0.00 ms.
Unloading 3558 Unused Serialized files (Serialized files now loaded: 0)
Unloading 58 unused Assets / (3.7 MB). Loaded Objects now: 4147.
Memory consumption went from 161.3 MB to 157.6 MB.
Total: 4.482200 ms (FindLiveObjects: 0.368300 ms CreateObjectMapping: 0.100200 ms MarkObjects: 2.830400 ms  DeleteObjects: 1.181600 ms)

AssetImportParameters requested are different than current active one (requested -> active):
  custom:video-decoder-ogg-theora: a1e56fd34408186e4bbccfd4996cb3dc -> 
  custom:container-muxer-webm: aa71ff27fc2769a1b78a27578f13a17b -> 
  custom:container-demuxer-webm: 4f35f7cbe854078d1ac9338744f61a02 -> 
  custom:video-encoder-webm-vp8: eb34c28f22e8b96e1ab97ce403110664 -> 
  custom:audio-encoder-webm-vorbis: bf7c407c2cedff20999df2af8eb42d56 -> 
  custom:framework-win-MediaFoundation: 216162199b28c13a410421893ffa2e32 -> 
  custom:container-demuxer-ogg: 62fdf1f143b41e24485cea50d1cbac27 -> 
  custom:video-decoder-webm-vp8: 9c59270c3fd7afecdb556c50c9e8de78 -> 
  custom:audio-decoder-ogg-vorbis: bf7c407c2cedff20999df2af8eb42d56 -> 
========================================================================
Received Import Request.
  Time since last request: 455.946860 seconds.
  path: Assets/Animation/Enemy/Enemy02/Zombie Idle.fbx
  artifactKey: Guid(f593f21842b30f44985b4ea18ae6345a) Importer(815301076,1909f56bfc062723c751e8b465ee728b)
Start importing Assets/Animation/Enemy/Enemy02/Zombie Idle.fbx using Guid(f593f21842b30f44985b4ea18ae6345a) Importer(815301076,1909f56bfc062723c751e8b465ee728b)  -> (artifact id: 'bbc2dd0c8f134851c8e179c52ba182ed') in 0.111415 seconds 
========================================================================
Received Import Request.
  Time since last request: 35.972686 seconds.
  path: Assets/Town Constructor Pack/Materials/Leaf.mat
  artifactKey: Guid(cf769c543698017419ecaa099d07ec9b) Importer(815301076,1909f56bfc062723c751e8b465ee728b)
Start importing Assets/Town Constructor Pack/Materials/Leaf.mat using Guid(cf769c543698017419ecaa099d07ec9b) Importer(815301076,1909f56bfc062723c751e8b465ee728b)  -> (artifact id: '76202e8e7c16f85a508ec4d1c33c5a55') in 0.026103 seconds 
========================================================================
Received Import Request.
  Time since last request: 0.000025 seconds.
  path: Assets/Town Constructor Pack/Materials/Particle_Smoke.mat
  artifactKey: Guid(50c2a8a5be604c8419babf2266956a8d) Importer(815301076,1909f56bfc062723c751e8b465ee728b)
Start importing Assets/Town Constructor Pack/Materials/Particle_Smoke.mat using Guid(50c2a8a5be604c8419babf2266956a8d) Importer(815301076,1909f56bfc062723c751e8b465ee728b)  -> (artifact id: '8941a2b45dc31b3d961bf5d57081e811') in 0.021056 seconds 
========================================================================
Received Import Request.
  Time since last request: 35.112366 seconds.
  path: Assets/Town Constructor Pack/Materials/Leaf.mat
  artifactKey: Guid(cf769c543698017419ecaa099d07ec9b) Importer(815301076,1909f56bfc062723c751e8b465ee728b)
Start importing Assets/Town Constructor Pack/Materials/Leaf.mat using Guid(cf769c543698017419ecaa099d07ec9b) Importer(815301076,1909f56bfc062723c751e8b465ee728b)  -> (artifact id: '278fb11db7f96716381e3b1e92f36841') in 0.029249 seconds 
========================================================================
Received Import Request.
  Time since last request: 0.000038 seconds.
  path: Assets/Town Constructor Pack/Materials/Particle_Smoke.mat
  artifactKey: Guid(50c2a8a5be604c8419babf2266956a8d) Importer(815301076,1909f56bfc062723c751e8b465ee728b)
Start importing Assets/Town Constructor Pack/Materials/Particle_Smoke.mat using Guid(50c2a8a5be604c8419babf2266956a8d) Importer(815301076,1909f56bfc062723c751e8b465ee728b)  -> (artifact id: '48db652fda63487872a009e605f46692') in 0.019375 seconds 
========================================================================
Received Prepare
Registering precompiled user dll's ...
Registered in 0.013330 seconds.
Begin MonoManager ReloadAssembly
Symbol file LoadedFromMemory doesn't match image C:\Users\Administrator\Documents\ZombieWorld-FPS\Library\PackageCache\com.unity.visualscripting@1.7.8\Editor\VisualScripting.Core\Dependencies\YamlDotNet\Unity.VisualScripting.YamlDotNet.dll
Symbol file LoadedFromMemory doesn't match image C:\Users\Administrator\Documents\ZombieWorld-FPS\Library\PackageCache\com.unity.visualscripting@1.7.8\Editor\VisualScripting.Core\Dependencies\DotNetZip\Unity.VisualScripting.IonicZip.dll
Native extension for WindowsStandalone target not found
Native extension for Android target not found
Refreshing native plugins compatible for Editor in 1.18 ms, found 3 plugins.
Preloading 0 native plugins for Editor in 0.00 ms.
Mono: successfully reloaded assembly
- Completed reload, in  1.331 seconds
Domain Reload Profiling:
	ReloadAssembly (1332ms)
		BeginReloadAssembly (180ms)
			ExecutionOrderSort (0ms)
			DisableScriptedObjects (4ms)
			BackupInstance (0ms)
			ReleaseScriptingObjects (0ms)
			CreateAndSetChildDomain (64ms)
		EndReloadAssembly (1004ms)
			LoadAssemblies (119ms)
			RebuildTransferFunctionScriptingTraits (0ms)
			SetupTypeCache (286ms)
			ReleaseScriptCaches (2ms)
			RebuildScriptCaches (49ms)
			SetupLoadedEditorAssemblies (501ms)
				LogAssemblyErrors (0ms)
				InitializePlatformSupportModulesInManaged (23ms)
				SetLoadedEditorAssemblies (0ms)
				RefreshPlugins (1ms)
				BeforeProcessingInitializeOnLoad (66ms)
				ProcessInitializeOnLoadAttributes (370ms)
				ProcessInitializeOnLoadMethodAttributes (26ms)
				AfterProcessingInitializeOnLoad (13ms)
				EditorAssembliesLoaded (0ms)
			ExecutionOrderSort2 (0ms)
			AwakeInstancesAfterBackupRestoration (12ms)
Platform modules already initialized, skipping
Refreshing native plugins compatible for Editor in 4.27 ms, found 3 plugins.
Preloading 0 native plugins for Editor in 0.00 ms.
Unloading 3544 Unused Serialized files (Serialized files now loaded: 0)
Unloading 72 unused Assets / (3.7 MB). Loaded Objects now: 4136.
Memory consumption went from 159.5 MB to 155.9 MB.
Total: 5.823700 ms (FindLiveObjects: 0.454500 ms CreateObjectMapping: 0.115300 ms MarkObjects: 3.729900 ms  DeleteObjects: 1.521900 ms)

AssetImportParameters requested are different than current active one (requested -> active):
  custom:video-decoder-ogg-theora: a1e56fd34408186e4bbccfd4996cb3dc -> 
  custom:container-muxer-webm: aa71ff27fc2769a1b78a27578f13a17b -> 
  custom:container-demuxer-webm: 4f35f7cbe854078d1ac9338744f61a02 -> 
  custom:video-encoder-webm-vp8: eb34c28f22e8b96e1ab97ce403110664 -> 
  custom:audio-encoder-webm-vorbis: bf7c407c2cedff20999df2af8eb42d56 -> 
  custom:framework-win-MediaFoundation: 216162199b28c13a410421893ffa2e32 -> 
  custom:container-demuxer-ogg: 62fdf1f143b41e24485cea50d1cbac27 -> 
  custom:video-decoder-webm-vp8: 9c59270c3fd7afecdb556c50c9e8de78 -> 
  custom:audio-decoder-ogg-vorbis: bf7c407c2cedff20999df2af8eb42d56 -> 
========================================================================
Received Import Request.
  Time since last request: 144.017915 seconds.
  path: Assets/LowPolySoldiers/models/Soldier.FBX
  artifactKey: Guid(54c59f8780aaa2f4ebdae0e8027edf29) Importer(815301076,1909f56bfc062723c751e8b465ee728b)
Start importing Assets/LowPolySoldiers/models/Soldier.FBX using Guid(54c59f8780aaa2f4ebdae0e8027edf29) Importer(815301076,1909f56bfc062723c751e8b465ee728b)  -> (artifact id: '4c0363b5a42661bbed5d8ccffe286f8e') in 0.244727 seconds 
========================================================================
Received Import Request.
  Time since last request: 0.000035 seconds.
  path: Assets/Hands_Weapons_Animations_Pack_Update/Modelas/Hands_Automatic_rifle03/Animations/Hands_Rifle_03@Hide.FBX
  artifactKey: Guid(bf9a0d86c05317f4bba4011b6ad74fbf) Importer(815301076,1909f56bfc062723c751e8b465ee728b)
Start importing Assets/Hands_Weapons_Animations_Pack_Update/Modelas/Hands_Automatic_rifle03/Animations/Hands_Rifle_03@Hide.FBX using Guid(bf9a0d86c05317f4bba4011b6ad74fbf) Importer(815301076,1909f56bfc062723c751e8b465ee728b)  -> (artifact id: 'db6824b6e1b569a763d79e1b47a13318') in 0.133491 seconds 
========================================================================
Received Import Request.
  Time since last request: 0.000087 seconds.
  path: Assets/Hands_Weapons_Animations_Pack_Update/Modelas/Hands_Automatic_Rifle05/Materials/AutomaticRifle_05_Emessive.mat
  artifactKey: Guid(aebf5ca5dd68f3d4a9ebc25179825c87) Importer(815301076,1909f56bfc062723c751e8b465ee728b)
Start importing Assets/Hands_Weapons_Animations_Pack_Update/Modelas/Hands_Automatic_Rifle05/Materials/AutomaticRifle_05_Emessive.mat using Guid(aebf5ca5dd68f3d4a9ebc25179825c87) Importer(815301076,1909f56bfc062723c751e8b465ee728b)  -> (artifact id: '456c0f28f4165a76cc80a08d7d1d5895') in 0.032230 seconds 
========================================================================
Received Import Request.
  Time since last request: 0.000028 seconds.
  path: Assets/Hands_Weapons_Animations_Pack_Update/Modelas/Hands_Automatic_rifle03/Animations/Hands_Rifle_03@Reload.FBX
  artifactKey: Guid(0a665ce70f29e4b41bf7c9072b96073c) Importer(815301076,1909f56bfc062723c751e8b465ee728b)
Start importing Assets/Hands_Weapons_Animations_Pack_Update/Modelas/Hands_Automatic_rifle03/Animations/Hands_Rifle_03@Reload.FBX using Guid(0a665ce70f29e4b41bf7c9072b96073c) Importer(815301076,1909f56bfc062723c751e8b465ee728b)  -> (artifact id: 'ebc5c68bb8cc71d588477f63200cc9cb') in 0.131343 seconds 
========================================================================
Received Import Request.
  Time since last request: 0.000062 seconds.
  path: Assets/Hands_Weapons_Animations_Pack_Update/Modelas/Hands_Automatic_rifle03/Mesh/Hands_Rifle_03_Mesh.FBX
  artifactKey: Guid(fb9b9a5ca65dfa24da26558d10a35386) Importer(815301076,1909f56bfc062723c751e8b465ee728b)
Start importing Assets/Hands_Weapons_Animations_Pack_Update/Modelas/Hands_Automatic_rifle03/Mesh/Hands_Rifle_03_Mesh.FBX using Guid(fb9b9a5ca65dfa24da26558d10a35386) Importer(815301076,1909f56bfc062723c751e8b465ee728b)  -> (artifact id: '590a18f7bebe714ae8633b3e5833e003') in 0.177961 seconds 
========================================================================
Received Import Request.
  Time since last request: 0.000039 seconds.
  path: Assets/TextMesh Pro/Examples & Extras/Fonts/Oswald-Bold.ttf
  artifactKey: Guid(c9f6d0e7bc8541498c9a4799ba184ede) Importer(815301076,1909f56bfc062723c751e8b465ee728b)
Start importing Assets/TextMesh Pro/Examples & Extras/Fonts/Oswald-Bold.ttf using Guid(c9f6d0e7bc8541498c9a4799ba184ede) Importer(815301076,1909f56bfc062723c751e8b465ee728b)  -> (artifact id: '433540d6434b60c20cf39a212f16839a') in 0.073827 seconds 
========================================================================
Received Import Request.
  Time since last request: 0.000051 seconds.
  path: Assets/Hands_Weapons_Animations_Pack_Update/Modelas/Hands_Automatic_Rifle05/Animations/Automatic_Rifle_05@Shot_Aim.FBX
  artifactKey: Guid(712fc1d79022dfc4189d30f9196496da) Importer(815301076,1909f56bfc062723c751e8b465ee728b)
Start importing Assets/Hands_Weapons_Animations_Pack_Update/Modelas/Hands_Automatic_Rifle05/Animations/Automatic_Rifle_05@Shot_Aim.FBX using Guid(712fc1d79022dfc4189d30f9196496da) Importer(815301076,1909f56bfc062723c751e8b465ee728b)  -> (artifact id: 'e7624429cefe721c629e1f9ce7560e7c') in 0.195724 seconds 
========================================================================
Received Import Request.
  Time since last request: 0.000050 seconds.
  path: Assets/Hands_Weapons_Animations_Pack_Update/Modelas/Hands_Automatic_Rifle05/Animations/Automatic_Rifle_05@Get_Weapon.FBX
  artifactKey: Guid(949e0c69ac83db74fb36acf15c846e09) Importer(815301076,1909f56bfc062723c751e8b465ee728b)
Start importing Assets/Hands_Weapons_Animations_Pack_Update/Modelas/Hands_Automatic_Rifle05/Animations/Automatic_Rifle_05@Get_Weapon.FBX using Guid(949e0c69ac83db74fb36acf15c846e09) Importer(815301076,1909f56bfc062723c751e8b465ee728b)  -> (artifact id: 'bda258d8b5132d4fca7080a30a29d04b') in 0.173060 seconds 
========================================================================
Received Import Request.
  Time since last request: 0.000073 seconds.
  path: Assets/MuzzleFlash/Materials/Distortion/DistortionGray.mat
  artifactKey: Guid(b7e4d9d496860ac4594483d6c44644f6) Importer(815301076,1909f56bfc062723c751e8b465ee728b)
Start importing Assets/MuzzleFlash/Materials/Distortion/DistortionGray.mat using Guid(b7e4d9d496860ac4594483d6c44644f6) Importer(815301076,1909f56bfc062723c751e8b465ee728b)  -> (artifact id: '01c8a88e90fbec0a409220babbc02e6a') in 0.056391 seconds 
========================================================================
Received Import Request.
  Time since last request: 0.000032 seconds.
  path: Assets/Hands_Weapons_Animations_Pack_Update/Modelas/Hands_Automatic_rifle03/Animations/Hands_Rifle_03@Shot.FBX
  artifactKey: Guid(bf017600bdf10534d8b207521b3451fa) Importer(815301076,1909f56bfc062723c751e8b465ee728b)
Start importing Assets/Hands_Weapons_Animations_Pack_Update/Modelas/Hands_Automatic_rifle03/Animations/Hands_Rifle_03@Shot.FBX using Guid(bf017600bdf10534d8b207521b3451fa) Importer(815301076,1909f56bfc062723c751e8b465ee728b)  -> (artifact id: '932cb9b84244387d3b4973378e980b14') in 0.143942 seconds 
========================================================================
Received Import Request.
  Time since last request: 0.000034 seconds.
  path: Assets/MuzzleFlash/Materials/Distortion/DistortionRed.mat
  artifactKey: Guid(2a78da339e0a7244998a0ed50bb3f800) Importer(815301076,1909f56bfc062723c751e8b465ee728b)
Start importing Assets/MuzzleFlash/Materials/Distortion/DistortionRed.mat using Guid(2a78da339e0a7244998a0ed50bb3f800) Importer(815301076,1909f56bfc062723c751e8b465ee728b)  -> (artifact id: '7823839789365c43b07b3b52da11827e') in 0.031790 seconds 
========================================================================
Received Import Request.
  Time since last request: 0.000046 seconds.
  path: Assets/Hands_Weapons_Animations_Pack_Update/Modelas/Hands_Automatic_Rifle05/Animations/Automatic_Rifle_05@Idle_Aim.FBX
  artifactKey: Guid(7aa4ef50b62d65441836d2f6b92c2711) Importer(815301076,1909f56bfc062723c751e8b465ee728b)
Start importing Assets/Hands_Weapons_Animations_Pack_Update/Modelas/Hands_Automatic_Rifle05/Animations/Automatic_Rifle_05@Idle_Aim.FBX using Guid(7aa4ef50b62d65441836d2f6b92c2711) Importer(815301076,1909f56bfc062723c751e8b465ee728b)  -> (artifact id: '5c61feb739a67f45ddd5d1a523d2a5d7') in 0.177638 seconds 
========================================================================
Received Import Request.
  Time since last request: 0.000055 seconds.
  path: Assets/Hands_Weapons_Animations_Pack_Update/Materials/Hands_01.mat
  artifactKey: Guid(8e1b46c36b99c5a46bacae2d7fc247d3) Importer(815301076,1909f56bfc062723c751e8b465ee728b)
Start importing Assets/Hands_Weapons_Animations_Pack_Update/Materials/Hands_01.mat using Guid(8e1b46c36b99c5a46bacae2d7fc247d3) Importer(815301076,1909f56bfc062723c751e8b465ee728b)  -> (artifact id: '232c97df855e654070808cdbf29f6d99') in 0.256976 seconds 
========================================================================
Received Import Request.
  Time since last request: 0.000068 seconds.
  path: Assets/Hands_Weapons_Animations_Pack_Update/Modelas/Hands_Automatic_rifle03/Animations/Hands_Rifle_03@Aim_Shot.FBX
  artifactKey: Guid(dc3d8e000ec416649bb3847d61114ee4) Importer(815301076,1909f56bfc062723c751e8b465ee728b)
Start importing Assets/Hands_Weapons_Animations_Pack_Update/Modelas/Hands_Automatic_rifle03/Animations/Hands_Rifle_03@Aim_Shot.FBX using Guid(dc3d8e000ec416649bb3847d61114ee4) Importer(815301076,1909f56bfc062723c751e8b465ee728b)  -> (artifact id: 'a000cbf31f210c8c0b8cf7fc64241958') in 0.135970 seconds 
========================================================================
Received Import Request.
  Time since last request: 0.000086 seconds.
  path: Assets/Standard Assets/Effects/GlassRefraction/Materials/GlassRefractive.mat
  artifactKey: Guid(848918a99d11f25f110026ca44295342) Importer(815301076,1909f56bfc062723c751e8b465ee728b)
Start importing Assets/Standard Assets/Effects/GlassRefraction/Materials/GlassRefractive.mat using Guid(848918a99d11f25f110026ca44295342) Importer(815301076,1909f56bfc062723c751e8b465ee728b)  -> (artifact id: '11e82060905072a09257a5d8eb5e6544') in 0.054310 seconds 
========================================================================
Received Import Request.
  Time since last request: 0.000039 seconds.
  path: Assets/Hands_Weapons_Animations_Pack_Update/Modelas/Hands_Automatic_rifle03/Animations/Hands_Rifle_03@Get.FBX
  artifactKey: Guid(73d679f2b6c8a0546acc1e4612180484) Importer(815301076,1909f56bfc062723c751e8b465ee728b)
Start importing Assets/Hands_Weapons_Animations_Pack_Update/Modelas/Hands_Automatic_rifle03/Animations/Hands_Rifle_03@Get.FBX using Guid(73d679f2b6c8a0546acc1e4612180484) Importer(815301076,1909f56bfc062723c751e8b465ee728b)  -> (artifact id: '0801b581ad135eb5facb415e748537de') in 0.110610 seconds 
========================================================================
Received Import Request.
  Time since last request: 0.000030 seconds.
  path: Assets/MuzzleFlash/Materials/Fire/FireYellowOrange.mat
  artifactKey: Guid(9a4900800ad54114585aad0c731f8032) Importer(815301076,1909f56bfc062723c751e8b465ee728b)
Start importing Assets/MuzzleFlash/Materials/Fire/FireYellowOrange.mat using Guid(9a4900800ad54114585aad0c731f8032) Importer(815301076,1909f56bfc062723c751e8b465ee728b)  -> (artifact id: '6ade3762adb58c671c0a750d391a99a0') in 0.034682 seconds 
========================================================================
Received Import Request.
  Time since last request: 0.000049 seconds.
  path: Assets/Hands_Weapons_Animations_Pack_Update/Modelas/Hands_Automatic_rifle03/Animations/Hands_Rifle_03@Run.FBX
  artifactKey: Guid(0cf113bf8aa7d4f4084fbed589580944) Importer(815301076,1909f56bfc062723c751e8b465ee728b)
Start importing Assets/Hands_Weapons_Animations_Pack_Update/Modelas/Hands_Automatic_rifle03/Animations/Hands_Rifle_03@Run.FBX using Guid(0cf113bf8aa7d4f4084fbed589580944) Importer(815301076,1909f56bfc062723c751e8b465ee728b)  -> (artifact id: '819bcb2b2eb020846796dbe6e8450c01') in 0.108510 seconds 
========================================================================
Received Import Request.
  Time since last request: 0.000107 seconds.
  path: Assets/TextMesh Pro/Examples & Extras/Fonts/Anton.ttf
  artifactKey: Guid(997a43b767814dd0a7642ec9b78cba41) Importer(815301076,1909f56bfc062723c751e8b465ee728b)
Start importing Assets/TextMesh Pro/Examples & Extras/Fonts/Anton.ttf using Guid(997a43b767814dd0a7642ec9b78cba41) Importer(815301076,1909f56bfc062723c751e8b465ee728b)  -> (artifact id: '88af84fb02fc3191c71e2db9f9af0ee1') in 0.059012 seconds 
========================================================================
Received Import Request.
  Time since last request: 0.000033 seconds.
  path: Assets/Standard Assets/Effects/Projectors/Materials/GridProjector.mat
  artifactKey: Guid(c7d1a73cf0f423947bae4e238665d9c5) Importer(815301076,1909f56bfc062723c751e8b465ee728b)
Start importing Assets/Standard Assets/Effects/Projectors/Materials/GridProjector.mat using Guid(c7d1a73cf0f423947bae4e238665d9c5) Importer(815301076,1909f56bfc062723c751e8b465ee728b)  -> (artifact id: '5256e60eb0c8da6aa47e36ce1123e334') in 0.040924 seconds 
========================================================================
Received Import Request.
  Time since last request: 0.000031 seconds.
  path: Assets/TextMesh Pro/Examples & Extras/Resources/Fonts & Materials/Anton SDF.asset
  artifactKey: Guid(8a89fa14b10d46a99122fd4f73fca9a2) Importer(815301076,1909f56bfc062723c751e8b465ee728b)
Start importing Assets/TextMesh Pro/Examples & Extras/Resources/Fonts & Materials/Anton SDF.asset using Guid(8a89fa14b10d46a99122fd4f73fca9a2) Importer(815301076,1909f56bfc062723c751e8b465ee728b)  -> (artifact id: '06883aa0709165431970101477a5342c') in 0.061927 seconds 
========================================================================
Received Import Request.
  Time since last request: 0.000044 seconds.
  path: Assets/TextMesh Pro/Examples & Extras/Resources/Fonts & Materials/Anton SDF - Drop Shadow.mat
  artifactKey: Guid(749b9069dc4742c5bfa5c74644049926) Importer(815301076,1909f56bfc062723c751e8b465ee728b)
Start importing Assets/TextMesh Pro/Examples & Extras/Resources/Fonts & Materials/Anton SDF - Drop Shadow.mat using Guid(749b9069dc4742c5bfa5c74644049926) Importer(815301076,1909f56bfc062723c751e8b465ee728b)  -> (artifact id: '8d7ac0cd628ee38659d0471e2ececd97') in 0.059506 seconds 
========================================================================
Received Import Request.
  Time since last request: 0.000044 seconds.
  path: Assets/Standard Assets/Effects/LightFlares/Materials/Flare50mm.mat
  artifactKey: Guid(a6dbb96b9d112024d000e929e39e7c39) Importer(815301076,1909f56bfc062723c751e8b465ee728b)
Start importing Assets/Standard Assets/Effects/LightFlares/Materials/Flare50mm.mat using Guid(a6dbb96b9d112024d000e929e39e7c39) Importer(815301076,1909f56bfc062723c751e8b465ee728b)  -> (artifact id: '12a9b6a86a6a1dba5e733fa2f9c887a2') in 0.084155 seconds 
========================================================================
Received Import Request.
  Time since last request: 0.000050 seconds.
  path: Assets/MuzzleFlash/Materials/Smoke/FireSmoke_1.mat
  artifactKey: Guid(4d93df8af1969ed4ca58ed74fdbbb468) Importer(815301076,1909f56bfc062723c751e8b465ee728b)
Start importing Assets/MuzzleFlash/Materials/Smoke/FireSmoke_1.mat using Guid(4d93df8af1969ed4ca58ed74fdbbb468) Importer(815301076,1909f56bfc062723c751e8b465ee728b)  -> (artifact id: '1f5addfbb60c0e02b3c6d3c5b9586211') in 0.046770 seconds 
========================================================================
Received Import Request.
  Time since last request: 0.000054 seconds.
  path: Assets/MuzzleFlash/Materials/Fire/FireBlue_1.mat
  artifactKey: Guid(8fefac187bd7e234a8761070f9b1bee2) Importer(815301076,1909f56bfc062723c751e8b465ee728b)
Start importing Assets/MuzzleFlash/Materials/Fire/FireBlue_1.mat using Guid(8fefac187bd7e234a8761070f9b1bee2) Importer(815301076,1909f56bfc062723c751e8b465ee728b)  -> (artifact id: 'dc359f3545e90cd844e2f0f80f2977ea') in 0.031308 seconds 
========================================================================
Received Import Request.
  Time since last request: 0.000029 seconds.
  path: Assets/TextMesh Pro/Examples & Extras/Resources/Fonts & Materials/Anton SDF - Sunny Days.mat
  artifactKey: Guid(6522f30e342599e4e9dd4cc2cc03c830) Importer(815301076,1909f56bfc062723c751e8b465ee728b)
Start importing Assets/TextMesh Pro/Examples & Extras/Resources/Fonts & Materials/Anton SDF - Sunny Days.mat using Guid(6522f30e342599e4e9dd4cc2cc03c830) Importer(815301076,1909f56bfc062723c751e8b465ee728b)  -> (artifact id: '244cac385171c827bb5274d54a73cd64') in 0.069840 seconds 
========================================================================
Received Import Request.
  Time since last request: 0.000069 seconds.
  path: Assets/TextMesh Pro/Examples & Extras/Materials/Crate - Surface Shader Scene.mat
  artifactKey: Guid(e6b9b44320f4448d9d5e0ee634259966) Importer(815301076,1909f56bfc062723c751e8b465ee728b)
Start importing Assets/TextMesh Pro/Examples & Extras/Materials/Crate - Surface Shader Scene.mat using Guid(e6b9b44320f4448d9d5e0ee634259966) Importer(815301076,1909f56bfc062723c751e8b465ee728b)  -> (artifact id: '2c6f0b49bd2d8c41e9afafe4522d844f') in 0.257777 seconds 
========================================================================
Received Import Request.
  Time since last request: 0.000047 seconds.
  path: Assets/Hands_Weapons_Animations_Pack_Update/Modelas/Hands_Automatic_Rifle05/Animations/Automatic_Rifle_05@Idle_Other.FBX
  artifactKey: Guid(7667494cd6910d24fb993ccbc2a16911) Importer(815301076,1909f56bfc062723c751e8b465ee728b)
Start importing Assets/Hands_Weapons_Animations_Pack_Update/Modelas/Hands_Automatic_Rifle05/Animations/Automatic_Rifle_05@Idle_Other.FBX using Guid(7667494cd6910d24fb993ccbc2a16911) Importer(815301076,1909f56bfc062723c751e8b465ee728b)  -> (artifact id: '8741c6371648d477d30065ab35b7a7a5') in 0.130385 seconds 
========================================================================
Received Import Request.
  Time since last request: 0.000072 seconds.
  path: Assets/Hands_Weapons_Animations_Pack_Update/Modelas/Hands_Automatic_Rifle05/Mesh/Automatic_Rifle_05_Mesh.FBX
  artifactKey: Guid(17364b921070c564e96ded7b280ce34f) Importer(815301076,1909f56bfc062723c751e8b465ee728b)
Start importing Assets/Hands_Weapons_Animations_Pack_Update/Modelas/Hands_Automatic_Rifle05/Mesh/Automatic_Rifle_05_Mesh.FBX using Guid(17364b921070c564e96ded7b280ce34f) Importer(815301076,1909f56bfc062723c751e8b465ee728b)  -> (artifact id: 'efd031423da06ce5f0ee66620ea8977a') in 0.161810 seconds 
========================================================================
Received Import Request.
  Time since last request: 0.000061 seconds.
  path: Assets/TextMesh Pro/Examples & Extras/Materials/Ground - Logo Scene.mat
  artifactKey: Guid(c719e38f25a9480abd2480ab621a2949) Importer(815301076,1909f56bfc062723c751e8b465ee728b)
Start importing Assets/TextMesh Pro/Examples & Extras/Materials/Ground - Logo Scene.mat using Guid(c719e38f25a9480abd2480ab621a2949) Importer(815301076,1909f56bfc062723c751e8b465ee728b)  -> (artifact id: 'd6f10a7931b2b5c4fa698f3458cb9162') in 0.113594 seconds 
========================================================================
Received Import Request.
  Time since last request: 0.000039 seconds.
  path: Assets/Hands_Weapons_Animations_Pack_Update/Modelas/Hands_Automatic_rifle03/Animations/Hands_Rifle_03@Aim_Walk.FBX
  artifactKey: Guid(b0d0949ccee21fd46a78609f5e79c91b) Importer(815301076,1909f56bfc062723c751e8b465ee728b)
Start importing Assets/Hands_Weapons_Animations_Pack_Update/Modelas/Hands_Automatic_rifle03/Animations/Hands_Rifle_03@Aim_Walk.FBX using Guid(b0d0949ccee21fd46a78609f5e79c91b) Importer(815301076,1909f56bfc062723c751e8b465ee728b)  -> (artifact id: '33c6e6cfe719d12bc269122414aeb89c') in 0.100473 seconds 
========================================================================
Received Import Request.
  Time since last request: 0.000057 seconds.
  path: Assets/Hands_Weapons_Animations_Pack_Update/Modelas/Hands_Automatic_rifle03/Animations/Hands_Rifle_03@Aim_Idle.FBX
  artifactKey: Guid(aa1e6b1f8a4fd3a40bd7649b1e50d02e) Importer(815301076,1909f56bfc062723c751e8b465ee728b)
Start importing Assets/Hands_Weapons_Animations_Pack_Update/Modelas/Hands_Automatic_rifle03/Animations/Hands_Rifle_03@Aim_Idle.FBX using Guid(aa1e6b1f8a4fd3a40bd7649b1e50d02e) Importer(815301076,1909f56bfc062723c751e8b465ee728b)  -> (artifact id: 'e8f90160e6b3e97cb9d807f6ab1e52c5') in 0.101902 seconds 
========================================================================
Received Import Request.
  Time since last request: 0.648033 seconds.
  path: Assets/BulletImpacts/scene/Materials/impactPlane.mat
  artifactKey: Guid(0a8f190ff5ea7bc4baada98471129c85) Importer(815301076,1909f56bfc062723c751e8b465ee728b)
Start importing Assets/BulletImpacts/scene/Materials/impactPlane.mat using Guid(0a8f190ff5ea7bc4baada98471129c85) Importer(815301076,1909f56bfc062723c751e8b465ee728b)  -> (artifact id: 'c9c65eb6be5bc9bb66b141bddbcc0380') in 0.022915 seconds 
========================================================================
Received Import Request.
  Time since last request: 0.000069 seconds.
  path: Assets/TextMesh Pro/Resources/Fonts & Materials/LiberationSans SDF - Drop Shadow.mat
  artifactKey: Guid(e73a58f6e2794ae7b1b7e50b7fb811b0) Importer(815301076,1909f56bfc062723c751e8b465ee728b)
Start importing Assets/TextMesh Pro/Resources/Fonts & Materials/LiberationSans SDF - Drop Shadow.mat using Guid(e73a58f6e2794ae7b1b7e50b7fb811b0) Importer(815301076,1909f56bfc062723c751e8b465ee728b)  -> (artifact id: 'bcfcc2813364464a75fa3940a1e6419a') in 0.054646 seconds 
========================================================================
Received Import Request.
  Time since last request: 0.000045 seconds.
  path: Assets/TextMesh Pro/Resources/Fonts & Materials/LiberationSans SDF - Outline.mat
  artifactKey: Guid(79459efec17a4d00a321bdcc27bbc385) Importer(815301076,1909f56bfc062723c751e8b465ee728b)
Start importing Assets/TextMesh Pro/Resources/Fonts & Materials/LiberationSans SDF - Outline.mat using Guid(79459efec17a4d00a321bdcc27bbc385) Importer(815301076,1909f56bfc062723c751e8b465ee728b)  -> (artifact id: 'baa05925cc3475ac5d4c6a2f232a6bdb') in 0.053048 seconds 
========================================================================
Received Import Request.
  Time since last request: 0.000101 seconds.
  path: Assets/TextMesh Pro/Examples & Extras/Resources/Fonts & Materials/LiberationSans SDF - Overlay.mat
  artifactKey: Guid(9ad269c99dcf42b7aedefd83dd5a7b9d) Importer(815301076,1909f56bfc062723c751e8b465ee728b)
Start importing Assets/TextMesh Pro/Examples & Extras/Resources/Fonts & Materials/LiberationSans SDF - Overlay.mat using Guid(9ad269c99dcf42b7aedefd83dd5a7b9d) Importer(815301076,1909f56bfc062723c751e8b465ee728b)  -> (artifact id: 'c1973eadf30e3f77eb9f67cfbd15b6a4') in 0.061946 seconds 
========================================================================
Received Import Request.
  Time since last request: 0.000043 seconds.
  path: Assets/MuzzleFlash/Meshes/Materials/M_DemoWall.mat
  artifactKey: Guid(a729cbfe8c40ee34fa266c39fdca4f62) Importer(815301076,1909f56bfc062723c751e8b465ee728b)
Start importing Assets/MuzzleFlash/Meshes/Materials/M_DemoWall.mat using Guid(a729cbfe8c40ee34fa266c39fdca4f62) Importer(815301076,1909f56bfc062723c751e8b465ee728b)  -> (artifact id: 'c6c605cf3276d8c55a06dd4dc5a77aa4') in 0.029128 seconds 
========================================================================
Received Import Request.
  Time since last request: 0.000026 seconds.
  path: Assets/FXVille_BloodPack/Materials/M_Blood_Spurt_01.mat
  artifactKey: Guid(467465f36824e9e4ba3a0a55e003f3c4) Importer(815301076,1909f56bfc062723c751e8b465ee728b)
Start importing Assets/FXVille_BloodPack/Materials/M_Blood_Spurt_01.mat using Guid(467465f36824e9e4ba3a0a55e003f3c4) Importer(815301076,1909f56bfc062723c751e8b465ee728b)  -> (artifact id: 'b26f344cffd138cf50228c3b99063a9f') in 0.150832 seconds 
========================================================================
Received Import Request.
  Time since last request: 0.000041 seconds.
  path: Assets/MuzzleFlash/Meshes/Materials/M_DemoWallPattern.mat
  artifactKey: Guid(f899799302c63c740955961ef7dc5f62) Importer(815301076,1909f56bfc062723c751e8b465ee728b)
Start importing Assets/MuzzleFlash/Meshes/Materials/M_DemoWallPattern.mat using Guid(f899799302c63c740955961ef7dc5f62) Importer(815301076,1909f56bfc062723c751e8b465ee728b)  -> (artifact id: 'd67d93f8de3e280d1acc3a201b1e5c11') in 0.031712 seconds 
========================================================================
Received Import Request.
  Time since last request: 0.000067 seconds.
  path: Assets/TextMesh Pro/Resources/Fonts & Materials/LiberationSans SDF - Fallback.asset
  artifactKey: Guid(2e498d1c8094910479dc3e1b768306a4) Importer(815301076,1909f56bfc062723c751e8b465ee728b)
Start importing Assets/TextMesh Pro/Resources/Fonts & Materials/LiberationSans SDF - Fallback.asset using Guid(2e498d1c8094910479dc3e1b768306a4) Importer(815301076,1909f56bfc062723c751e8b465ee728b)  -> (artifact id: 'acb6ac9c809b98aabd89108468d3f26a') in 0.039972 seconds 
========================================================================
Received Import Request.
  Time since last request: 0.000079 seconds.
  path: Assets/FXVille_BloodPack/Materials/M_StyleBlood_Spurt_01.mat
  artifactKey: Guid(b824de89fe6a8684d9d16ccaedbec6dc) Importer(815301076,1909f56bfc062723c751e8b465ee728b)
Start importing Assets/FXVille_BloodPack/Materials/M_StyleBlood_Spurt_01.mat using Guid(b824de89fe6a8684d9d16ccaedbec6dc) Importer(815301076,1909f56bfc062723c751e8b465ee728b)  -> (artifact id: '8f68637b512e4e400910f24bfaf54160') in 0.112259 seconds 
========================================================================
Received Import Request.
  Time since last request: 0.000072 seconds.
  path: Assets/FXVille_BloodPack/Materials/M_StyleBlood_Spurt_02.mat
  artifactKey: Guid(fef5a74924c60bb4981ed59ffb707419) Importer(815301076,1909f56bfc062723c751e8b465ee728b)
Start importing Assets/FXVille_BloodPack/Materials/M_StyleBlood_Spurt_02.mat using Guid(fef5a74924c60bb4981ed59ffb707419) Importer(815301076,1909f56bfc062723c751e8b465ee728b)  -> (artifact id: '62143d581d8a156065a50458a99597b8') in 0.025056 seconds 
========================================================================
Received Import Request.
  Time since last request: 0.000045 seconds.
  path: Assets/FXVille_BloodPack/Materials/M_Blood_Drop_02.mat
  artifactKey: Guid(37083ba1fbac2964fad56d13047e8379) Importer(815301076,1909f56bfc062723c751e8b465ee728b)
Start importing Assets/FXVille_BloodPack/Materials/M_Blood_Drop_02.mat using Guid(37083ba1fbac2964fad56d13047e8379) Importer(815301076,1909f56bfc062723c751e8b465ee728b)  -> (artifact id: '3fcf03a43a5248314ad8c0410c377ad0') in 0.023711 seconds 
========================================================================
Received Import Request.
  Time since last request: 0.000046 seconds.
  path: Assets/FXVille_BloodPack/Materials/M_Gib_Bone.mat
  artifactKey: Guid(b9a4f85bbafa4bc469d76daaa0b88a15) Importer(815301076,1909f56bfc062723c751e8b465ee728b)
Start importing Assets/FXVille_BloodPack/Materials/M_Gib_Bone.mat using Guid(b9a4f85bbafa4bc469d76daaa0b88a15) Importer(815301076,1909f56bfc062723c751e8b465ee728b)  -> (artifact id: '810e3b27fc0b7355ce426bc3deb1ca97') in 0.142373 seconds 
========================================================================
Received Import Request.
  Time since last request: 0.000034 seconds.
  path: Assets/FXVille_BloodPack/Materials/M_Blood_Burst_02.mat
  artifactKey: Guid(ce118055c23f49946871a685127446e5) Importer(815301076,1909f56bfc062723c751e8b465ee728b)
Start importing Assets/FXVille_BloodPack/Materials/M_Blood_Burst_02.mat using Guid(ce118055c23f49946871a685127446e5) Importer(815301076,1909f56bfc062723c751e8b465ee728b)  -> (artifact id: '47700488fc9290baac83ea399af9cbbd') in 0.024868 seconds 
========================================================================
Received Import Request.
  Time since last request: 0.000067 seconds.
  path: Assets/FXVille_BloodPack/Materials/M_StyleBlood_Drop_02.mat
  artifactKey: Guid(e16cdba51a881974fa2767423e888fcd) Importer(815301076,1909f56bfc062723c751e8b465ee728b)
Start importing Assets/FXVille_BloodPack/Materials/M_StyleBlood_Drop_02.mat using Guid(e16cdba51a881974fa2767423e888fcd) Importer(815301076,1909f56bfc062723c751e8b465ee728b)  -> (artifact id: 'b95ffaa2c7f840d42cce0cd4bab40284') in 0.025619 seconds 
========================================================================
Received Import Request.
  Time since last request: 0.000041 seconds.
  path: Assets/FXVille_BloodPack/Materials/M_StyleGib_Bone.mat
  artifactKey: Guid(c09a34f221243ea4988a9cdb9ff6fd17) Importer(815301076,1909f56bfc062723c751e8b465ee728b)
Start importing Assets/FXVille_BloodPack/Materials/M_StyleGib_Bone.mat using Guid(c09a34f221243ea4988a9cdb9ff6fd17) Importer(815301076,1909f56bfc062723c751e8b465ee728b)  -> (artifact id: '9ee1b0be6013b87554bbfab79883bf26') in 0.024759 seconds 
========================================================================
Received Import Request.
  Time since last request: 0.000060 seconds.
  path: Assets/FXVille_BloodPack/Materials/M_StyleBlood_Spurt_03.mat
  artifactKey: Guid(5dd5205ecf63dbd4ba559f5f7153ad28) Importer(815301076,1909f56bfc062723c751e8b465ee728b)
Start importing Assets/FXVille_BloodPack/Materials/M_StyleBlood_Spurt_03.mat using Guid(5dd5205ecf63dbd4ba559f5f7153ad28) Importer(815301076,1909f56bfc062723c751e8b465ee728b)  -> (artifact id: 'cb1bda597df6f2db9ab8e7f964f67d8c') in 0.028310 seconds 
========================================================================
Received Import Request.
  Time since last request: 0.000075 seconds.
  path: Assets/MuzzleFlash/Meshes/Materials/M_LightTube.mat
  artifactKey: Guid(83dcd3401e9a4544caae9d28f6131179) Importer(815301076,1909f56bfc062723c751e8b465ee728b)
Start importing Assets/MuzzleFlash/Meshes/Materials/M_LightTube.mat using Guid(83dcd3401e9a4544caae9d28f6131179) Importer(815301076,1909f56bfc062723c751e8b465ee728b)  -> (artifact id: 'c8287101c5f0593e15a1f51cb08497f5') in 0.025315 seconds 
========================================================================
Received Import Request.
  Time since last request: 0.000069 seconds.
  path: Assets/TextMesh Pro/Examples & Extras/Resources/Fonts & Materials/LiberationSans SDF - Metalic Green.mat
  artifactKey: Guid(8b29aaa3eec7468097ff07adfcf29ac9) Importer(815301076,1909f56bfc062723c751e8b465ee728b)
Start importing Assets/TextMesh Pro/Examples & Extras/Resources/Fonts & Materials/LiberationSans SDF - Metalic Green.mat using Guid(8b29aaa3eec7468097ff07adfcf29ac9) Importer(815301076,1909f56bfc062723c751e8b465ee728b)  -> (artifact id: '596ca46cb2cae1a475f5c26d8d78a468') in 0.187635 seconds 
========================================================================
Received Import Request.
  Time since last request: 0.000048 seconds.
  path: Assets/Animation/Enemy/Enemy01/mutant_M.mat
  artifactKey: Guid(42bed9a2b6a8b074e924f7fbf68bf1ac) Importer(815301076,1909f56bfc062723c751e8b465ee728b)
Start importing Assets/Animation/Enemy/Enemy01/mutant_M.mat using Guid(42bed9a2b6a8b074e924f7fbf68bf1ac) Importer(815301076,1909f56bfc062723c751e8b465ee728b)  -> (artifact id: '3a766e9e5474a23dcdadc0bcd85b3b2c') in 0.032916 seconds 
========================================================================
Received Import Request.
  Time since last request: 0.000076 seconds.
  path: Assets/Animation/Enemy/Enemy01/Mutant Run.fbx
  artifactKey: Guid(7f5923e2b5938cc459a02107fd023068) Importer(815301076,1909f56bfc062723c751e8b465ee728b)
Start importing Assets/Animation/Enemy/Enemy01/Mutant Run.fbx using Guid(7f5923e2b5938cc459a02107fd023068) Importer(815301076,1909f56bfc062723c751e8b465ee728b)  -> (artifact id: '06e9e195ae866fc2681a5cf15a749a74') in 0.068965 seconds 
========================================================================
Received Import Request.
  Time since last request: 0.000026 seconds.
  path: Assets/Animation/Enemy/Enemy02/parasitezombie_Material.mat
  artifactKey: Guid(56084e586373cdd4287e4ebe0a3cdf22) Importer(815301076,1909f56bfc062723c751e8b465ee728b)
Start importing Assets/Animation/Enemy/Enemy02/parasitezombie_Material.mat using Guid(56084e586373cdd4287e4ebe0a3cdf22) Importer(815301076,1909f56bfc062723c751e8b465ee728b)  -> (artifact id: 'cfc6d591def1437bb69e2e18c3c90c01') in 0.046173 seconds 
========================================================================
Received Import Request.
  Time since last request: 0.000043 seconds.
  path: Assets/Animation/Enemy/Enemy01/Zombie Death.fbx
  artifactKey: Guid(57dd111b2fb15d44bb330620d1291553) Importer(815301076,1909f56bfc062723c751e8b465ee728b)
Start importing Assets/Animation/Enemy/Enemy01/Zombie Death.fbx using Guid(57dd111b2fb15d44bb330620d1291553) Importer(815301076,1909f56bfc062723c751e8b465ee728b)  -> (artifact id: '4c5e7abd68a61cc9028640a7a8dd3f33') in 0.086020 seconds 
========================================================================
Received Import Request.
  Time since last request: 0.000058 seconds.
  path: Assets/TextMesh Pro/Examples & Extras/Resources/Fonts & Materials/LiberationSans SDF - Soft Mask.mat
  artifactKey: Guid(42df1c7856584b6b8db9a509b6b10074) Importer(815301076,1909f56bfc062723c751e8b465ee728b)
Start importing Assets/TextMesh Pro/Examples & Extras/Resources/Fonts & Materials/LiberationSans SDF - Soft Mask.mat using Guid(42df1c7856584b6b8db9a509b6b10074) Importer(815301076,1909f56bfc062723c751e8b465ee728b)  -> (artifact id: '6ed8ec011f996bfcfb182d2b55c5bb76') in 0.062425 seconds 
Editor requested this worker to shutdown with reason: Scaling down because of idle timeout
AssetImportWorker is now disconnected from the server
Process exiting
Exiting without the bug reporter. Application will terminate with return code 0